<?xml version="1.0" encoding="UTF-8"?>
<testng-results skipped="0" failed="0" total="4" passed="4">
  <reporter-output>
  </reporter-output>
  <suite name="Default suite" duration-ms="57" started-at="2018-09-28T15:56:10Z" finished-at="2018-09-28T15:56:10Z">
    <groups>
    </groups>
    <test name="Default test" duration-ms="57" started-at="2018-09-28T15:56:10Z" finished-at="2018-09-28T15:56:10Z">
      <class name="FirstMavenProject1.DependsOnMethods">
        <test-method status="PASS" signature="test1()[pri:0, instance:FirstMavenProject1.DependsOnMethods@6e1567f1]" name="test1" duration-ms="17" started-at="2018-09-28T21:26:10Z" finished-at="2018-09-28T21:26:10Z">
          <reporter-output>
          </reporter-output>
        </test-method> <!-- test1 -->
        <test-method status="PASS" signature="test3()[pri:0, instance:FirstMavenProject1.DependsOnMethods@6e1567f1]" name="test3" duration-ms="2" started-at="2018-09-28T21:26:10Z" finished-at="2018-09-28T21:26:10Z">
          <reporter-output>
          </reporter-output>
        </test-method> <!-- test3 -->
        <test-method status="PASS" signature="test4()[pri:0, instance:FirstMavenProject1.DependsOnMethods@6e1567f1]" name="test4" duration-ms="7" started-at="2018-09-28T21:26:10Z" finished-at="2018-09-28T21:26:10Z">
          <reporter-output>
          </reporter-output>
        </test-method> <!-- test4 -->
        <test-method status="PASS" signature="test2()[pri:0, instance:FirstMavenProject1.DependsOnMethods@6e1567f1]" name="test2" duration-ms="1" started-at="2018-09-28T21:26:10Z" depends-on-methods="FirstMavenProject1.DependsOnMethods.test4, FirstMavenProject1.DependsOnMethods.test3" finished-at="2018-09-28T21:26:10Z">
          <reporter-output>
          </reporter-output>
        </test-method> <!-- test2 -->
      </class> <!-- FirstMavenProject1.DependsOnMethods -->
    </test> <!-- Default test -->
  </suite> <!-- Default suite -->
</testng-results>
